0 info it worked if it ends with ok
1 verbose cli [ '/usr/bin/nodejs', '/usr/bin/npm', 'publish' ]
2 info using npm@3.10.3
3 info using node@v6.3.0
4 verbose publish [ '.' ]
5 silly cache add args [ '.', null ]
6 verbose cache add spec .
7 silly cache add parsed spec Result {
7 silly cache add   raw: '.',
7 silly cache add   scope: null,
7 silly cache add   escapedName: null,
7 silly cache add   name: null,
7 silly cache add   rawSpec: '.',
7 silly cache add   spec: '/home/john/git/learn-meandev/censorify',
7 silly cache add   type: 'directory' }
8 verbose addLocalDirectory /home/john/.npm/censorify/0.1.2/package.tgz not in flight; packing
9 verbose correctMkdir /home/john/.npm correctMkdir not in flight; initializing
10 info lifecycle censorify@0.1.2~prepublish: censorify@0.1.2
11 silly lifecycle censorify@0.1.2~prepublish: no script for prepublish, continuing
12 verbose tar pack [ '/home/john/.npm/censorify/0.1.2/package.tgz',
12 verbose tar pack   '/home/john/git/learn-meandev/censorify' ]
13 verbose tarball /home/john/.npm/censorify/0.1.2/package.tgz
14 verbose folder /home/john/git/learn-meandev/censorify
15 verbose addLocalTarball adding from inside cache /home/john/.npm/censorify/0.1.2/package.tgz
16 verbose correctMkdir /home/john/.npm correctMkdir not in flight; initializing
17 silly cache afterAdd censorify@0.1.2
18 verbose afterAdd /home/john/.npm/censorify/0.1.2/package/package.json not in flight; writing
19 verbose correctMkdir /home/john/.npm correctMkdir not in flight; initializing
20 verbose afterAdd /home/john/.npm/censorify/0.1.2/package/package.json written
21 silly publish { author: { name: 'John Hancock' },
21 silly publish   name: 'censorify',
21 silly publish   version: '0.1.2',
21 silly publish   description: 'Censors words out of text',
21 silly publish   main: 'censortext',
21 silly publish   dependencies: {},
21 silly publish   engines: { node: '*' },
21 silly publish   repository:
21 silly publish    { type: 'git',
21 silly publish      url: 'http://github.com/jhancock1975/learn-meandev/tree/master/censorify' },
21 silly publish   keywords: [ 'censor', 'words' ],
21 silly publish   readme: 'first node app\n',
21 silly publish   readmeFilename: 'README.md',
21 silly publish   _id: 'censorify@0.1.2',
21 silly publish   scripts: {},
21 silly publish   _shasum: '1533023c9660b3b1ba568e7d48574c716c969fc2',
21 silly publish   _from: '.' }
22 verbose getPublishConfig undefined
23 silly mapToRegistry name censorify
24 silly mapToRegistry using default registry
25 silly mapToRegistry registry https://registry.npmjs.org/
26 silly mapToRegistry data Result {
26 silly mapToRegistry   raw: 'censorify',
26 silly mapToRegistry   scope: null,
26 silly mapToRegistry   escapedName: 'censorify',
26 silly mapToRegistry   name: 'censorify',
26 silly mapToRegistry   rawSpec: '',
26 silly mapToRegistry   spec: 'latest',
26 silly mapToRegistry   type: 'tag' }
27 silly mapToRegistry uri https://registry.npmjs.org/censorify
28 verbose publish registryBase https://registry.npmjs.org/
29 silly publish uploading /home/john/.npm/censorify/0.1.2/package.tgz
30 verbose request uri https://registry.npmjs.org/censorify
31 verbose request sending authorization for write operation
32 info attempt registry request try #1 at 2:56:37 PM
33 verbose request using bearer token for auth
34 verbose request id a01224fe580e0be3
35 http request PUT https://registry.npmjs.org/censorify
36 http 403 https://registry.npmjs.org/censorify
37 verbose headers { 'content-type': 'application/json',
37 verbose headers   'cache-control': 'max-age=300',
37 verbose headers   'content-length': '103',
37 verbose headers   'accept-ranges': 'bytes',
37 verbose headers   date: 'Sat, 16 Jul 2016 18:56:38 GMT',
37 verbose headers   via: '1.1 varnish',
37 verbose headers   connection: 'keep-alive',
37 verbose headers   'x-served-by': 'cache-atl6223-ATL',
37 verbose headers   'x-cache': 'MISS',
37 verbose headers   'x-cache-hits': '0',
37 verbose headers   'x-timer': 'S1468695398.092196,VS0,VE468',
37 verbose headers   vary: 'Accept-Encoding' }
38 verbose request invalidating /home/john/.npm/registry.npmjs.org/censorify on PUT
39 error publish Failed PUT 403
40 verbose stack Error: you do not have permission to publish "censorify". Are you logged in as the correct user? : censorify
40 verbose stack     at makeError (/usr/lib/node_modules/npm/node_modules/npm-registry-client/lib/request.js:264:12)
40 verbose stack     at CachingRegistryClient.<anonymous> (/usr/lib/node_modules/npm/node_modules/npm-registry-client/lib/request.js:252:14)
40 verbose stack     at Request._callback (/usr/lib/node_modules/npm/node_modules/npm-registry-client/lib/request.js:172:14)
40 verbose stack     at Request.self.callback (/usr/lib/node_modules/npm/node_modules/request/request.js:200:22)
40 verbose stack     at emitTwo (events.js:106:13)
40 verbose stack     at Request.emit (events.js:191:7)
40 verbose stack     at Request.<anonymous> (/usr/lib/node_modules/npm/node_modules/request/request.js:1067:10)
40 verbose stack     at emitOne (events.js:101:20)
40 verbose stack     at Request.emit (events.js:188:7)
40 verbose stack     at IncomingMessage.<anonymous> (/usr/lib/node_modules/npm/node_modules/request/request.js:988:12)
41 verbose statusCode 403
42 verbose pkgid censorify
43 verbose cwd /home/john/git/learn-meandev/censorify
44 error Linux 3.16.0-70-generic
45 error argv "/usr/bin/nodejs" "/usr/bin/npm" "publish"
46 error node v6.3.0
47 error npm  v3.10.3
48 error code E403
49 error you do not have permission to publish "censorify". Are you logged in as the correct user? : censorify
50 error If you need help, you may report this error at:
50 error     <https://github.com/npm/npm/issues>
51 verbose exit [ 1, true ]
